Sourcing Intel's setvars.sh...
 
:: initializing oneAPI environment ...
   slurm_script: BASH_VERSION = 5.1.8(1)-release
   args: Using "$@" for setvars.sh arguments: --config=/gpfs/home/ahurtado/intel_oneapi_config.txt
:: mkl -- latest
:: tbb -- latest
:: oneAPI environment initialized ::
 
Running Dalton job: dalton_raman_H2O_opt_d-aug-cc-pVTZ
Input file: raman.dal
Molecule file: H2O_d-aug-cc-pVTZ_opt.mol
--------------------------------------

   ******************************************* 
   **** OUTPUT FROM DALTON SHELL SCRIPT
   ******************************************* 

   DALTON release Dalton2020.0 (2020)

   Invocation: /gpfs/projects/rjh/adrian/dalton/build/dalton -N 576 -gb 10 -dal raman.dal -mol H2O_d-aug-cc-pVTZ_opt.mol

   Mon Dec 15 06:11:13 PM EST 2025

   Calculation: raman_H2O_d-aug-cc-pVTZ_opt  (input files: raman.dal and H2O_d-aug-cc-pVTZ_opt.mol)
   PID        : 1858582
   Input dir  : /gpfs/projects/rjh/adrian/development/RamanDB/RamanBenchDB/H2O/dalton
   Scratch dir: /gpfs/scratch/ahurtado/DALTON_scratch_ahurtado/raman_H2O_d-aug-cc-pVTZ_opt_1858582


 INFO : OMP_NUM_THREADS set to 1 because it was not defined by user
 INFO : and all the available cores are probably used by MPI.


 Output from the communication group generator:
   6 intra-node groups have been built.


 DALTON: user specified work memory size used,
         environment variable WRKMEM = "1310720000"

 DALTON: master work memory size also used for slaves.          1310720000

 Work memory size (LMWORK+2):  1310720002 =  9.766 gigabytes; node   0

   0: Directories for basis set searches:
     /gpfs/projects/rjh/adrian/development/RamanDB/RamanBenchDB/H2O/dalton:/gpfs/projects/rjh/adrian/dalton/build/basis

 Work memory size (LMWORK+2):  1310720002 =  9.766 gigabytes; node   1
 Same work memory size for all 575 slaves.

   1: Directories for basis set searches:
     /gpfs/projects/rjh/adrian/development/RamanDB/RamanBenchDB/H2O/dalton:/gpfs/projects/rjh/adrian/dalton/build/basis
raman_H2O_d-aug-cc-pVTZ_opt.tar.gz has been copied to /gpfs/projects/rjh/adrian/development/RamanDB/RamanBenchDB/H2O/dalton

   Mon Dec 15 06:16:28 PM EST 2025
   ***************************************** 
Job completed successfully.
