Sourcing Intel's setvars.sh...
 
:: initializing oneAPI environment ...
   slurm_script: BASH_VERSION = 5.1.8(1)-release
   args: Using "$@" for setvars.sh arguments: --config=/gpfs/home/ahurtado/intel_oneapi_config.txt
:: mkl -- latest
:: tbb -- latest
:: oneAPI environment initialized ::
 
Running Dalton job: optimize
Input file: optimize.dal
Molecule file: H2O_d-aug-cc-pVTZ.mol
--------------------------------------

   ******************************************* 
   **** OUTPUT FROM DALTON SHELL SCRIPT
   ******************************************* 

   DALTON release Dalton2020.0 (2020)

   Invocation: /gpfs/projects/rjh/adrian/dalton/build/dalton -N 576 -gb 10 -dal optimize.dal -mol H2O_d-aug-cc-pVTZ.mol

   Thu Dec 11 09:30:49 AM EST 2025

   Calculation: optimize_H2O_d-aug-cc-pVTZ  (input files: optimize.dal and H2O_d-aug-cc-pVTZ.mol)
   PID        : 960934
   Input dir  : /gpfs/projects/rjh/adrian/summer2025/RamanDB/RamanBenchDB/H2O/dalton
   Scratch dir: /gpfs/scratch/ahurtado/DALTON_scratch_ahurtado/optimize_H2O_d-aug-cc-pVTZ_960934


 INFO : OMP_NUM_THREADS set to 1 because it was not defined by user
 INFO : and all the available cores are probably used by MPI.


 Output from the communication group generator:
   6 intra-node groups have been built.


 DALTON: user specified work memory size used,
         environment variable WRKMEM = "1310720000"

 DALTON: master work memory size also used for slaves.          1310720000

 Work memory size (LMWORK+2):  1310720002 =  9.766 gigabytes; node   0

   0: Directories for basis set searches:
     /gpfs/projects/rjh/adrian/summer2025/RamanDB/RamanBenchDB/H2O/dalton:/gpfs/projects/rjh/adrian/dalton/build/basis

 Work memory size (LMWORK+2):  1310720002 =  9.766 gigabytes; node   1
 Same work memory size for all 575 slaves.

   1: Directories for basis set searches:
     /gpfs/projects/rjh/adrian/summer2025/RamanDB/RamanBenchDB/H2O/dalton:/gpfs/projects/rjh/adrian/dalton/build/basis
optimize_H2O_d-aug-cc-pVTZ.tar.gz has been copied to /gpfs/projects/rjh/adrian/summer2025/RamanDB/RamanBenchDB/H2O/dalton
----------------------------------------------------------
26 WARNINGS have been issued by DALTON,
output from 'grep -n -i WARNING'  (max 10 warnings):
483:@ WARNING:  No bonds -  no atom pairs are within normal bonding distances
484:@ WARNING:  maybe coordinates were in Bohr, but Dalton were told they were in Angstrom ?
1175: NOTE:    1 warnings have been issued.
1176: Check output, result, and error files for "WARNING".
1577: NOTE:    1 warnings have been issued.
1578: Check output, result, and error files for "WARNING".
1869: NOTE:    1 warnings have been issued.
1870: Check output, result, and error files for "WARNING".
2161: NOTE:    1 warnings have been issued.
2162: Check output, result, and error files for "WARNING".
----------------------------------------------------------
1 informational messages have been issued by DALTON,
output from 'grep -n INFO'  (max 10 lines):
4445:***  INFO  GETGAB: GABAOXXX not found on AOPROPER. Regenerating.

   Thu Dec 11 09:32:05 AM EST 2025
   ***************************************** 
Job completed successfully.
