Sourcing Intel's setvars.sh...
 
:: initializing oneAPI environment ...
   slurm_script: BASH_VERSION = 5.1.8(1)-release
   args: Using "$@" for setvars.sh arguments: --config=/gpfs/home/ahurtado/intel_oneapi_config.txt
:: mkl -- latest
:: tbb -- latest
:: oneAPI environment initialized ::
 
Running Dalton job: raman_H2O_opt_d-aug-cc-pVTZ
Input file: raman.dal
Molecule file: H2O_d-aug-cc-pVTZ_opt.mol
--------------------------------------

   ******************************************* 
   **** OUTPUT FROM DALTON SHELL SCRIPT
   ******************************************* 

   DALTON release Dalton2020.0 (2020)

   Invocation: /gpfs/projects/rjh/adrian/dalton/build/dalton -N 576 -gb 10 -dal -mol

   Mon Dec 15 06:10:07 PM EST 2025

   Calculation: -mol  (input files: -mol.dal and .mol)
   PID        : 1858171
   Input dir  : /gpfs/projects/rjh/adrian/development/RamanDB/RamanBenchDB/H2O/dalton
   Scratch dir: /gpfs/scratch/ahurtado/DALTON_scratch_ahurtado/-mol_1858171

/gpfs/projects/rjh/adrian/development/RamanDB/RamanBenchDB/H2O/dalton/-mol.dal does not exist or is not readable
/gpfs/projects/rjh/adrian/development/RamanDB/RamanBenchDB/H2O/dalton/.mol does not exist or is not readable
Job completed successfully.
